[debug] [2019-05-20T14:55:09.711Z] ----------------------------------------------------------------------
[debug] [2019-05-20T14:55:09.713Z] Command:       C:\Program Files\nodejs\node.exe C:\Users\maha2\AppData\Roaming\npm\node_modules\firebase-tools\lib\bin\firebase.js init
[debug] [2019-05-20T14:55:09.714Z] CLI Version:   6.10.0
[debug] [2019-05-20T14:55:09.714Z] Platform:      win32
[debug] [2019-05-20T14:55:09.714Z] Node Version:  v10.15.3
[debug] [2019-05-20T14:55:09.715Z] Time:          Mon May 20 2019 16:55:09 GMT+0200 (Eastern European Standard Time)
[debug] [2019-05-20T14:55:09.715Z] ----------------------------------------------------------------------
[debug] 
[debug] [2019-05-20T14:55:09.724Z] > command requires scopes: ["email","openid","https://www.googleapis.com/auth/cloudplatformprojects.readonly","https://www.googleapis.com/auth/firebase","https://www.googleapis.com/auth/cloud-platform"]
[debug] [2019-05-20T14:55:09.725Z] > authorizing via signed-in user
[info] 
     ######## #### ########  ######## ########     ###     ######  ########
     ##        ##  ##     ## ##       ##     ##  ##   ##  ##       ##
     ######    ##  ########  ######   ########  #########  ######  ######
     ##        ##  ##    ##  ##       ##     ## ##     ##       ## ##
     ##       #### ##     ## ######## ########  ##     ##  ######  ########

You're about to initialize a Firebase project in this directory:

  C:\Users\maha2\cactus_frontend

[info] 
=== Project Setup
[info] 
[info] First, let's associate this project directory with a Firebase project.
[info] You can create multiple project aliases by running firebase use --add, 
[info] but for now we'll just set up a default project.
[info] 
[debug] [2019-05-20T14:57:11.716Z] > refreshing access token with scopes: ["email","https://www.googleapis.com/auth/cloud-platform","https://www.googleapis.com/auth/cloudplatformprojects.readonly","https://www.googleapis.com/auth/firebase","openid"]
[debug] [2019-05-20T14:57:11.716Z] >>> HTTP REQUEST POST https://www.googleapis.com/oauth2/v3/token  
 <request body omitted>
[debug] [2019-05-20T14:57:12.250Z] <<< HTTP RESPONSE 200
[debug] [2019-05-20T14:57:12.281Z] >>> HTTP REQUEST GET https://firebase.googleapis.com/v1beta1/projects?page_size=100  
 
[debug] [2019-05-20T14:57:13.071Z] <<< HTTP RESPONSE 200
[info] i  Using project cactus-shop (cactus shop)
[info] 
=== Database Setup
[info] 
[info] Firebase Realtime Database Rules allow you to define how your data should be
[info] structured and when your data can be read from and written to.
[info] 
[debug] [2019-05-20T14:58:05.558Z] >>> HTTP REQUEST GET https://cactus-shop.firebaseio.com/.settings/rules.json  
 
[debug] [2019-05-20T14:58:06.619Z] <<< HTTP RESPONSE 200
[info] +  Database Rules for cactus-shop have been downloaded to database.rules.json.
[info] Future modifications to database.rules.json will update Database Rules when you run
[info] firebase deploy.
[info] 
=== Firestore Setup
[debug] [2019-05-20T14:58:06.626Z] > command requires scopes: ["email","openid","https://www.googleapis.com/auth/cloudplatformprojects.readonly","https://www.googleapis.com/auth/firebase","https://www.googleapis.com/auth/cloud-platform"]
[debug] [2019-05-20T14:58:06.627Z] > authorizing via signed-in user
[debug] [2019-05-20T14:58:06.628Z] >>> HTTP REQUEST GET https://firebase.googleapis.com/v1beta1/projects/cactus-shop  
 
[debug] [2019-05-20T14:58:06.989Z] <<< HTTP RESPONSE 200
[info] 
[info] Firestore Security Rules allow you to define how and when to allow
[info] requests. You can keep these rules in your project directory
[info] and publish them with firebase deploy.
[info] 
[debug] [2019-05-20T14:58:22.097Z] >>> HTTP REQUEST GET https://firebaserules.googleapis.com/v1/projects/cactus-shop/releases?pageSize=10&pageToken=  
 
[debug] [2019-05-20T14:58:23.239Z] <<< HTTP RESPONSE 200
[debug] [2019-05-20T14:58:23.241Z] Found ruleset: projects/cactus-shop/rulesets/2fd56009-7a7d-49d3-bc2a-fdd0f3450768
[debug] [2019-05-20T14:58:23.242Z] >>> HTTP REQUEST GET https://firebaserules.googleapis.com/v1/projects/cactus-shop/rulesets/2fd56009-7a7d-49d3-bc2a-fdd0f3450768  
 
